{"D:\\PROGRAMACION\\TecnicaturaDesarrolloSorftwareN29\\Cuatri4\\Backend\\TP1-grupal\\BACKEND-C3-GRUPOMDQ-TP1\\src\\app.js": {"path":"D:\\PROGRAMACION\\TecnicaturaDesarrolloSorftwareN29\\Cuatri4\\Backend\\TP1-grupal\\BACKEND-C3-GRUPOMDQ-TP1\\src\\app.js","statementMap":{"0":{"start":{"line":24,"column":12},"end":{"line":24,"column":21}},"1":{"start":{"line":25,"column":17},"end":{"line":25,"column":40}},"2":{"start":{"line":26,"column":19},"end":{"line":26,"column":49}},"3":{"start":{"line":27,"column":18},"end":{"line":27,"column":42}},"4":{"start":{"line":32,"column":0},"end":{"line":32,"column":42}},"5":{"start":{"line":33,"column":0},"end":{"line":33,"column":48}},"6":{"start":{"line":34,"column":0},"end":{"line":34,"column":30}},"7":{"start":{"line":35,"column":0},"end":{"line":35,"column":12}},"8":{"start":{"line":40,"column":0},"end":{"line":40,"column":23}},"9":{"start":{"line":41,"column":0},"end":{"line":41,"column":24}},"10":{"start":{"line":42,"column":0},"end":{"line":42,"column":48}},"11":{"start":{"line":43,"column":0},"end":{"line":43,"column":24}},"12":{"start":{"line":44,"column":0},"end":{"line":49,"column":4}},"13":{"start":{"line":55,"column":0},"end":{"line":55,"column":34}},"14":{"start":{"line":56,"column":0},"end":{"line":56,"column":39}},"15":{"start":{"line":57,"column":0},"end":{"line":57,"column":52}},"16":{"start":{"line":61,"column":0},"end":{"line":63,"column":3}},"17":{"start":{"line":62,"column":2},"end":{"line":62,"column":49}},"18":{"start":{"line":67,"column":0},"end":{"line":67,"column":62}},"19":{"start":{"line":72,"column":0},"end":{"line":74,"column":3}},"20":{"start":{"line":73,"column":2},"end":{"line":73,"column":25}},"21":{"start":{"line":76,"column":0},"end":{"line":84,"column":3}},"22":{"start":{"line":78,"column":2},"end":{"line":78,"column":35}},"23":{"start":{"line":79,"column":2},"end":{"line":79,"column":69}},"24":{"start":{"line":82,"column":2},"end":{"line":82,"column":32}},"25":{"start":{"line":83,"column":2},"end":{"line":83,"column":22}},"26":{"start":{"line":90,"column":0},"end":{"line":92,"column":3}},"27":{"start":{"line":91,"column":2},"end":{"line":91,"column":76}}},"fnMap":{"0":{"name":"(anonymous_0)","decl":{"start":{"line":61,"column":17},"end":{"line":61,"column":18}},"loc":{"start":{"line":61,"column":31},"end":{"line":63,"column":1}},"line":61},"1":{"name":"(anonymous_1)","decl":{"start":{"line":72,"column":8},"end":{"line":72,"column":9}},"loc":{"start":{"line":72,"column":33},"end":{"line":74,"column":1}},"line":72},"2":{"name":"(anonymous_2)","decl":{"start":{"line":76,"column":8},"end":{"line":76,"column":9}},"loc":{"start":{"line":76,"column":38},"end":{"line":84,"column":1}},"line":76},"3":{"name":"(anonymous_3)","decl":{"start":{"line":90,"column":28},"end":{"line":90,"column":29}},"loc":{"start":{"line":90,"column":34},"end":{"line":92,"column":1}},"line":90}},"branchMap":{"0":{"loc":{"start":{"line":32,"column":16},"end":{"line":32,"column":40}},"type":"binary-expr","locations":[{"start":{"line":32,"column":16},"end":{"line":32,"column":32}},{"start":{"line":32,"column":36},"end":{"line":32,"column":40}}],"line":32},"1":{"loc":{"start":{"line":79,"column":21},"end":{"line":79,"column":68}},"type":"cond-expr","locations":[{"start":{"line":79,"column":60},"end":{"line":79,"column":63}},{"start":{"line":79,"column":66},"end":{"line":79,"column":68}}],"line":79},"2":{"loc":{"start":{"line":82,"column":13},"end":{"line":82,"column":30}},"type":"binary-expr","locations":[{"start":{"line":82,"column":13},"end":{"line":82,"column":23}},{"start":{"line":82,"column":27},"end":{"line":82,"column":30}}],"line":82}},"s":{"0":1,"1":1,"2":1,"3":1,"4":1,"5":1,"6":1,"7":1,"8":1,"9":1,"10":1,"11":1,"12":1,"13":1,"14":1,"15":1,"16":1,"17":0,"18":1,"19":1,"20":0,"21":1,"22":0,"23":0,"24":0,"25":0,"26":1,"27":1},"f":{"0":0,"1":0,"2":0,"3":1},"b":{"0":[1,0],"1":[0,0],"2":[0,0]},"inputSourceMap":null,"_coverageSchema":"1a1c01bbd47fc00a2c39e90264f33305004495a9","hash":"9b9e5e8dd2fe8bf1a2d8a1694ae46b6f90755a1e"}
,"D:\\PROGRAMACION\\TecnicaturaDesarrolloSorftwareN29\\Cuatri4\\Backend\\TP1-grupal\\BACKEND-C3-GRUPOMDQ-TP1\\src\\config\\database.js": {"path":"D:\\PROGRAMACION\\TecnicaturaDesarrolloSorftwareN29\\Cuatri4\\Backend\\TP1-grupal\\BACKEND-C3-GRUPOMDQ-TP1\\src\\config\\database.js","statementMap":{"0":{"start":{"line":4,"column":17},"end":{"line":4,"column":85}},"1":{"start":{"line":6,"column":18},"end":{"line":13,"column":1}},"2":{"start":{"line":7,"column":4},"end":{"line":12,"column":5}},"3":{"start":{"line":8,"column":8},"end":{"line":8,"column":41}},"4":{"start":{"line":9,"column":8},"end":{"line":9,"column":44}},"5":{"start":{"line":11,"column":8},"end":{"line":11,"column":59}}},"fnMap":{"0":{"name":"(anonymous_0)","decl":{"start":{"line":6,"column":18},"end":{"line":6,"column":19}},"loc":{"start":{"line":6,"column":30},"end":{"line":13,"column":1}},"line":6}},"branchMap":{"0":{"loc":{"start":{"line":4,"column":17},"end":{"line":4,"column":85}},"type":"binary-expr","locations":[{"start":{"line":4,"column":17},"end":{"line":4,"column":40}},{"start":{"line":4,"column":44},"end":{"line":4,"column":85}}],"line":4}},"s":{"0":1,"1":1,"2":1,"3":1,"4":1,"5":0},"f":{"0":1},"b":{"0":[1,0]},"inputSourceMap":null,"_coverageSchema":"1a1c01bbd47fc00a2c39e90264f33305004495a9","hash":"a9a7121b6a4ed494fd1b28a5711c05e144da41c8"}
,"D:\\PROGRAMACION\\TecnicaturaDesarrolloSorftwareN29\\Cuatri4\\Backend\\TP1-grupal\\BACKEND-C3-GRUPOMDQ-TP1\\src\\controllers\\reservationController.js": {"path":"D:\\PROGRAMACION\\TecnicaturaDesarrolloSorftwareN29\\Cuatri4\\Backend\\TP1-grupal\\BACKEND-C3-GRUPOMDQ-TP1\\src\\controllers\\reservationController.js","statementMap":{"0":{"start":{"line":2,"column":22},"end":{"line":2,"column":92}},"1":{"start":{"line":3,"column":22},"end":{"line":3,"column":30}},"2":{"start":{"line":4,"column":23},"end":{"line":4,"column":28}},"3":{"start":{"line":7,"column":4},"end":{"line":41,"column":6}},"4":{"start":{"line":8,"column":79},"end":{"line":8,"column":87}},"5":{"start":{"line":9,"column":40},"end":{"line":9,"column":58}},"6":{"start":{"line":10,"column":32},"end":{"line":16,"column":9}},"7":{"start":{"line":18,"column":29},"end":{"line":18,"column":83}},"8":{"start":{"line":19,"column":8},"end":{"line":19,"column":171}},"9":{"start":{"line":19,"column":26},"end":{"line":19,"column":171}},"10":{"start":{"line":21,"column":8},"end":{"line":23,"column":9}},"11":{"start":{"line":22,"column":12},"end":{"line":22,"column":54}},"12":{"start":{"line":25,"column":8},"end":{"line":25,"column":49}},"13":{"start":{"line":27,"column":8},"end":{"line":27,"column":57}},"14":{"start":{"line":28,"column":8},"end":{"line":30,"column":9}},"15":{"start":{"line":29,"column":12},"end":{"line":29,"column":88}},"16":{"start":{"line":33,"column":8},"end":{"line":41,"column":5}},"17":{"start":{"line":34,"column":8},"end":{"line":38,"column":9}},"18":{"start":{"line":35,"column":11},"end":{"line":37,"column":12}},"19":{"start":{"line":40,"column":8},"end":{"line":40,"column":63}},"20":{"start":{"line":47,"column":4},"end":{"line":66,"column":5}},"21":{"start":{"line":48,"column":25},"end":{"line":48,"column":95}},"22":{"start":{"line":50,"column":8},"end":{"line":50,"column":29}},"23":{"start":{"line":51,"column":8},"end":{"line":53,"column":9}},"24":{"start":{"line":52,"column":12},"end":{"line":52,"column":83}},"25":{"start":{"line":54,"column":8},"end":{"line":56,"column":9}},"26":{"start":{"line":55,"column":12},"end":{"line":55,"column":38}},"27":{"start":{"line":58,"column":8},"end":{"line":58,"column":74}},"28":{"start":{"line":60,"column":8},"end":{"line":60,"column":57}},"29":{"start":{"line":61,"column":8},"end":{"line":63,"column":9}},"30":{"start":{"line":62,"column":12},"end":{"line":62,"column":88}},"31":{"start":{"line":64,"column":8},"end":{"line":64,"column":26}},"32":{"start":{"line":65,"column":8},"end":{"line":65,"column":63}},"33":{"start":{"line":71,"column":4},"end":{"line":83,"column":5}},"34":{"start":{"line":72,"column":25},"end":{"line":72,"column":105}},"35":{"start":{"line":73,"column":8},"end":{"line":75,"column":9}},"36":{"start":{"line":74,"column":12},"end":{"line":74,"column":107}},"37":{"start":{"line":76,"column":8},"end":{"line":76,"column":34}},"38":{"start":{"line":78,"column":8},"end":{"line":78,"column":57}},"39":{"start":{"line":79,"column":8},"end":{"line":81,"column":9}},"40":{"start":{"line":80,"column":12},"end":{"line":80,"column":88}},"41":{"start":{"line":82,"column":8},"end":{"line":82,"column":64}},"42":{"start":{"line":88,"column":4},"end":{"line":100,"column":5}},"43":{"start":{"line":89,"column":25},"end":{"line":89,"column":85}},"44":{"start":{"line":90,"column":8},"end":{"line":92,"column":9}},"45":{"start":{"line":91,"column":12},"end":{"line":91,"column":107}},"46":{"start":{"line":93,"column":8},"end":{"line":93,"column":34}},"47":{"start":{"line":95,"column":8},"end":{"line":95,"column":57}},"48":{"start":{"line":96,"column":8},"end":{"line":98,"column":9}},"49":{"start":{"line":97,"column":12},"end":{"line":97,"column":88}},"50":{"start":{"line":99,"column":8},"end":{"line":99,"column":63}},"51":{"start":{"line":106,"column":4},"end":{"line":122,"column":5}},"52":{"start":{"line":107,"column":39},"end":{"line":107,"column":91}},"53":{"start":{"line":108,"column":8},"end":{"line":110,"column":9}},"54":{"start":{"line":109,"column":12},"end":{"line":109,"column":93}},"55":{"start":{"line":111,"column":8},"end":{"line":113,"column":9}},"56":{"start":{"line":112,"column":12},"end":{"line":112,"column":52}},"57":{"start":{"line":115,"column":8},"end":{"line":115,"column":113}},"58":{"start":{"line":117,"column":8},"end":{"line":117,"column":57}},"59":{"start":{"line":118,"column":8},"end":{"line":120,"column":9}},"60":{"start":{"line":119,"column":12},"end":{"line":119,"column":88}},"61":{"start":{"line":121,"column":8},"end":{"line":121,"column":63}}},"fnMap":{"0":{"name":"crearReserva","decl":{"start":{"line":6,"column":22},"end":{"line":6,"column":34}},"loc":{"start":{"line":6,"column":46},"end":{"line":42,"column":1}},"line":6},"1":{"name":"obtenerReservasPorRolDeUsuario","decl":{"start":{"line":46,"column":22},"end":{"line":46,"column":52}},"loc":{"start":{"line":46,"column":64},"end":{"line":67,"column":1}},"line":46},"2":{"name":"actualizarEstadoReserva","decl":{"start":{"line":70,"column":22},"end":{"line":70,"column":45}},"loc":{"start":{"line":70,"column":57},"end":{"line":84,"column":1}},"line":70},"3":{"name":"eliminarReserva","decl":{"start":{"line":87,"column":22},"end":{"line":87,"column":37}},"loc":{"start":{"line":87,"column":49},"end":{"line":101,"column":1}},"line":87},"4":{"name":"obtenerFechaTurnosDisponibles","decl":{"start":{"line":105,"column":22},"end":{"line":105,"column":51}},"loc":{"start":{"line":105,"column":63},"end":{"line":123,"column":1}},"line":105}},"branchMap":{"0":{"loc":{"start":{"line":19,"column":8},"end":{"line":19,"column":171}},"type":"if","locations":[{"start":{"line":19,"column":8},"end":{"line":19,"column":171}},{"start":{},"end":{}}],"line":19},"1":{"loc":{"start":{"line":21,"column":8},"end":{"line":23,"column":9}},"type":"if","locations":[{"start":{"line":21,"column":8},"end":{"line":23,"column":9}},{"start":{},"end":{}}],"line":21},"2":{"loc":{"start":{"line":28,"column":8},"end":{"line":30,"column":9}},"type":"if","locations":[{"start":{"line":28,"column":8},"end":{"line":30,"column":9}},{"start":{},"end":{}}],"line":28},"3":{"loc":{"start":{"line":29,"column":30},"end":{"line":29,"column":53}},"type":"binary-expr","locations":[{"start":{"line":29,"column":30},"end":{"line":29,"column":46}},{"start":{"line":29,"column":50},"end":{"line":29,"column":53}}],"line":29},"4":{"loc":{"start":{"line":33,"column":8},"end":{"line":41,"column":5}},"type":"if","locations":[{"start":{"line":33,"column":8},"end":{"line":41,"column":5}},{"start":{},"end":{}}],"line":33},"5":{"loc":{"start":{"line":34,"column":8},"end":{"line":38,"column":9}},"type":"if","locations":[{"start":{"line":34,"column":8},"end":{"line":38,"column":9}},{"start":{},"end":{}}],"line":34},"6":{"loc":{"start":{"line":34,"column":12},"end":{"line":34,"column":63}},"type":"binary-expr","locations":[{"start":{"line":34,"column":12},"end":{"line":34,"column":24}},{"start":{"line":34,"column":28},"end":{"line":34,"column":63}}],"line":34},"7":{"loc":{"start":{"line":51,"column":8},"end":{"line":53,"column":9}},"type":"if","locations":[{"start":{"line":51,"column":8},"end":{"line":53,"column":9}},{"start":{},"end":{}}],"line":51},"8":{"loc":{"start":{"line":51,"column":11},"end":{"line":51,"column":45}},"type":"binary-expr","locations":[{"start":{"line":51,"column":11},"end":{"line":51,"column":20}},{"start":{"line":51,"column":24},"end":{"line":51,"column":45}}],"line":51},"9":{"loc":{"start":{"line":54,"column":8},"end":{"line":56,"column":9}},"type":"if","locations":[{"start":{"line":54,"column":8},"end":{"line":56,"column":9}},{"start":{},"end":{}}],"line":54},"10":{"loc":{"start":{"line":61,"column":8},"end":{"line":63,"column":9}},"type":"if","locations":[{"start":{"line":61,"column":8},"end":{"line":63,"column":9}},{"start":{},"end":{}}],"line":61},"11":{"loc":{"start":{"line":62,"column":30},"end":{"line":62,"column":53}},"type":"binary-expr","locations":[{"start":{"line":62,"column":30},"end":{"line":62,"column":46}},{"start":{"line":62,"column":50},"end":{"line":62,"column":53}}],"line":62},"12":{"loc":{"start":{"line":73,"column":8},"end":{"line":75,"column":9}},"type":"if","locations":[{"start":{"line":73,"column":8},"end":{"line":75,"column":9}},{"start":{},"end":{}}],"line":73},"13":{"loc":{"start":{"line":73,"column":12},"end":{"line":73,"column":46}},"type":"binary-expr","locations":[{"start":{"line":73,"column":12},"end":{"line":73,"column":21}},{"start":{"line":73,"column":25},"end":{"line":73,"column":46}}],"line":73},"14":{"loc":{"start":{"line":79,"column":8},"end":{"line":81,"column":9}},"type":"if","locations":[{"start":{"line":79,"column":8},"end":{"line":81,"column":9}},{"start":{},"end":{}}],"line":79},"15":{"loc":{"start":{"line":80,"column":30},"end":{"line":80,"column":53}},"type":"binary-expr","locations":[{"start":{"line":80,"column":30},"end":{"line":80,"column":46}},{"start":{"line":80,"column":50},"end":{"line":80,"column":53}}],"line":80},"16":{"loc":{"start":{"line":90,"column":8},"end":{"line":92,"column":9}},"type":"if","locations":[{"start":{"line":90,"column":8},"end":{"line":92,"column":9}},{"start":{},"end":{}}],"line":90},"17":{"loc":{"start":{"line":90,"column":12},"end":{"line":90,"column":46}},"type":"binary-expr","locations":[{"start":{"line":90,"column":12},"end":{"line":90,"column":21}},{"start":{"line":90,"column":25},"end":{"line":90,"column":46}}],"line":90},"18":{"loc":{"start":{"line":96,"column":8},"end":{"line":98,"column":9}},"type":"if","locations":[{"start":{"line":96,"column":8},"end":{"line":98,"column":9}},{"start":{},"end":{}}],"line":96},"19":{"loc":{"start":{"line":97,"column":30},"end":{"line":97,"column":53}},"type":"binary-expr","locations":[{"start":{"line":97,"column":30},"end":{"line":97,"column":46}},{"start":{"line":97,"column":50},"end":{"line":97,"column":53}}],"line":97},"20":{"loc":{"start":{"line":108,"column":8},"end":{"line":110,"column":9}},"type":"if","locations":[{"start":{"line":108,"column":8},"end":{"line":110,"column":9}},{"start":{},"end":{}}],"line":108},"21":{"loc":{"start":{"line":108,"column":11},"end":{"line":108,"column":73}},"type":"binary-expr","locations":[{"start":{"line":108,"column":11},"end":{"line":108,"column":34}},{"start":{"line":108,"column":38},"end":{"line":108,"column":73}}],"line":108},"22":{"loc":{"start":{"line":111,"column":8},"end":{"line":113,"column":9}},"type":"if","locations":[{"start":{"line":111,"column":8},"end":{"line":113,"column":9}},{"start":{},"end":{}}],"line":111},"23":{"loc":{"start":{"line":118,"column":8},"end":{"line":120,"column":9}},"type":"if","locations":[{"start":{"line":118,"column":8},"end":{"line":120,"column":9}},{"start":{},"end":{}}],"line":118},"24":{"loc":{"start":{"line":119,"column":30},"end":{"line":119,"column":53}},"type":"binary-expr","locations":[{"start":{"line":119,"column":30},"end":{"line":119,"column":46}},{"start":{"line":119,"column":50},"end":{"line":119,"column":53}}],"line":119}},"s":{"0":1,"1":1,"2":1,"3":0,"4":0,"5":0,"6":0,"7":0,"8":0,"9":0,"10":0,"11":0,"12":0,"13":0,"14":0,"15":0,"16":0,"17":0,"18":0,"19":0,"20":0,"21":0,"22":0,"23":0,"24":0,"25":0,"26":0,"27":0,"28":0,"29":0,"30":0,"31":0,"32":0,"33":0,"34":0,"35":0,"36":0,"37":0,"38":0,"39":0,"40":0,"41":0,"42":0,"43":0,"44":0,"45":0,"46":0,"47":0,"48":0,"49":0,"50":0,"51":0,"52":0,"53":0,"54":0,"55":0,"56":0,"57":0,"58":0,"59":0,"60":0,"61":0},"f":{"0":0,"1":0,"2":0,"3":0,"4":0},"b":{"0":[0,0],"1":[0,0],"2":[0,0],"3":[0,0],"4":[0,0],"5":[0,0],"6":[0,0],"7":[0,0],"8":[0,0],"9":[0,0],"10":[0,0],"11":[0,0],"12":[0,0],"13":[0,0],"14":[0,0],"15":[0,0],"16":[0,0],"17":[0,0],"18":[0,0],"19":[0,0],"20":[0,0],"21":[0,0],"22":[0,0],"23":[0,0],"24":[0,0]},"inputSourceMap":null,"_coverageSchema":"1a1c01bbd47fc00a2c39e90264f33305004495a9","hash":"1af4bc442b6b10a55d71ae1c0567b18a1395ec5d"}
,"D:\\PROGRAMACION\\TecnicaturaDesarrolloSorftwareN29\\Cuatri4\\Backend\\TP1-grupal\\BACKEND-C3-GRUPOMDQ-TP1\\src\\controllers\\userController.js": {"path":"D:\\PROGRAMACION\\TecnicaturaDesarrolloSorftwareN29\\Cuatri4\\Backend\\TP1-grupal\\BACKEND-C3-GRUPOMDQ-TP1\\src\\controllers\\userController.js","statementMap":{"0":{"start":{"line":6,"column":25},"end":{"line":29,"column":1}},"1":{"start":{"line":7,"column":33},"end":{"line":7,"column":41}},"2":{"start":{"line":9,"column":2},"end":{"line":28,"column":3}},"3":{"start":{"line":11,"column":17},"end":{"line":11,"column":49}},"4":{"start":{"line":12,"column":4},"end":{"line":14,"column":5}},"5":{"start":{"line":13,"column":6},"end":{"line":13,"column":56}},"6":{"start":{"line":17,"column":20},"end":{"line":17,"column":65}},"7":{"start":{"line":18,"column":4},"end":{"line":20,"column":5}},"8":{"start":{"line":19,"column":6},"end":{"line":19,"column":59}},"9":{"start":{"line":23,"column":4},"end":{"line":23,"column":28}},"10":{"start":{"line":24,"column":4},"end":{"line":24,"column":26}},"11":{"start":{"line":26,"column":4},"end":{"line":26,"column":60}},"12":{"start":{"line":27,"column":4},"end":{"line":27,"column":49}},"13":{"start":{"line":32,"column":26},"end":{"line":37,"column":1}},"14":{"start":{"line":33,"column":2},"end":{"line":36,"column":5}},"15":{"start":{"line":34,"column":4},"end":{"line":34,"column":67}},"16":{"start":{"line":34,"column":13},"end":{"line":34,"column":67}},"17":{"start":{"line":35,"column":4},"end":{"line":35,"column":24}},"18":{"start":{"line":41,"column":2},"end":{"line":71,"column":3}},"19":{"start":{"line":43,"column":58},"end":{"line":43,"column":66}},"20":{"start":{"line":46,"column":17},"end":{"line":46,"column":41}},"21":{"start":{"line":47,"column":27},"end":{"line":47,"column":60}},"22":{"start":{"line":50,"column":25},"end":{"line":56,"column":5}},"23":{"start":{"line":59,"column":26},"end":{"line":59,"column":70}},"24":{"start":{"line":61,"column":4},"end":{"line":61,"column":47}},"25":{"start":{"line":63,"column":4},"end":{"line":63,"column":53}},"26":{"start":{"line":64,"column":4},"end":{"line":68,"column":5}},"27":{"start":{"line":65,"column":6},"end":{"line":67,"column":42}},"28":{"start":{"line":70,"column":4},"end":{"line":70,"column":60}},"29":{"start":{"line":75,"column":27},"end":{"line":83,"column":1}},"30":{"start":{"line":76,"column":2},"end":{"line":82,"column":3}},"31":{"start":{"line":77,"column":18},"end":{"line":77,"column":35}},"32":{"start":{"line":78,"column":4},"end":{"line":78,"column":32}},"33":{"start":{"line":80,"column":4},"end":{"line":80,"column":59}},"34":{"start":{"line":81,"column":4},"end":{"line":81,"column":71}},"35":{"start":{"line":86,"column":30},"end":{"line":99,"column":1}},"36":{"start":{"line":87,"column":17},"end":{"line":87,"column":27}},"37":{"start":{"line":89,"column":2},"end":{"line":98,"column":3}},"38":{"start":{"line":90,"column":17},"end":{"line":90,"column":49}},"39":{"start":{"line":91,"column":4},"end":{"line":93,"column":5}},"40":{"start":{"line":92,"column":6},"end":{"line":92,"column":72}},"41":{"start":{"line":94,"column":4},"end":{"line":94,"column":72}},"42":{"start":{"line":96,"column":4},"end":{"line":96,"column":58}},"43":{"start":{"line":97,"column":4},"end":{"line":97,"column":70}}},"fnMap":{"0":{"name":"(anonymous_0)","decl":{"start":{"line":6,"column":25},"end":{"line":6,"column":26}},"loc":{"start":{"line":6,"column":45},"end":{"line":29,"column":1}},"line":6},"1":{"name":"(anonymous_1)","decl":{"start":{"line":32,"column":26},"end":{"line":32,"column":27}},"loc":{"start":{"line":32,"column":40},"end":{"line":37,"column":1}},"line":32},"2":{"name":"(anonymous_2)","decl":{"start":{"line":33,"column":22},"end":{"line":33,"column":23}},"loc":{"start":{"line":33,"column":31},"end":{"line":36,"column":3}},"line":33},"3":{"name":"crearUsuario","decl":{"start":{"line":40,"column":22},"end":{"line":40,"column":34}},"loc":{"start":{"line":40,"column":45},"end":{"line":72,"column":1}},"line":40},"4":{"name":"(anonymous_4)","decl":{"start":{"line":75,"column":27},"end":{"line":75,"column":28}},"loc":{"start":{"line":75,"column":47},"end":{"line":83,"column":1}},"line":75},"5":{"name":"(anonymous_5)","decl":{"start":{"line":86,"column":30},"end":{"line":86,"column":31}},"loc":{"start":{"line":86,"column":50},"end":{"line":99,"column":1}},"line":86}},"branchMap":{"0":{"loc":{"start":{"line":12,"column":4},"end":{"line":14,"column":5}},"type":"if","locations":[{"start":{"line":12,"column":4},"end":{"line":14,"column":5}},{"start":{},"end":{}}],"line":12},"1":{"loc":{"start":{"line":18,"column":4},"end":{"line":20,"column":5}},"type":"if","locations":[{"start":{"line":18,"column":4},"end":{"line":20,"column":5}},{"start":{},"end":{}}],"line":18},"2":{"loc":{"start":{"line":34,"column":4},"end":{"line":34,"column":67}},"type":"if","locations":[{"start":{"line":34,"column":4},"end":{"line":34,"column":67}},{"start":{},"end":{}}],"line":34},"3":{"loc":{"start":{"line":64,"column":4},"end":{"line":68,"column":5}},"type":"if","locations":[{"start":{"line":64,"column":4},"end":{"line":68,"column":5}},{"start":{},"end":{}}],"line":64},"4":{"loc":{"start":{"line":66,"column":16},"end":{"line":66,"column":39}},"type":"binary-expr","locations":[{"start":{"line":66,"column":16},"end":{"line":66,"column":32}},{"start":{"line":66,"column":36},"end":{"line":66,"column":39}}],"line":66},"5":{"loc":{"start":{"line":91,"column":4},"end":{"line":93,"column":5}},"type":"if","locations":[{"start":{"line":91,"column":4},"end":{"line":93,"column":5}},{"start":{},"end":{}}],"line":91}},"s":{"0":1,"1":0,"2":0,"3":0,"4":0,"5":0,"6":0,"7":0,"8":0,"9":0,"10":0,"11":0,"12":0,"13":1,"14":0,"15":0,"16":0,"17":0,"18":0,"19":0,"20":0,"21":0,"22":0,"23":0,"24":0,"25":0,"26":0,"27":0,"28":0,"29":1,"30":0,"31":0,"32":0,"33":0,"34":0,"35":1,"36":0,"37":0,"38":0,"39":0,"40":0,"41":0,"42":0,"43":0},"f":{"0":0,"1":0,"2":0,"3":0,"4":0,"5":0},"b":{"0":[0,0],"1":[0,0],"2":[0,0],"3":[0,0],"4":[0,0],"5":[0,0]},"inputSourceMap":null,"_coverageSchema":"1a1c01bbd47fc00a2c39e90264f33305004495a9","hash":"ffb1fdbeed742a7e3de5f9af0e52e02aeb07e193"}
,"D:\\PROGRAMACION\\TecnicaturaDesarrolloSorftwareN29\\Cuatri4\\Backend\\TP1-grupal\\BACKEND-C3-GRUPOMDQ-TP1\\src\\core\\const.js": {"path":"D:\\PROGRAMACION\\TecnicaturaDesarrolloSorftwareN29\\Cuatri4\\Backend\\TP1-grupal\\BACKEND-C3-GRUPOMDQ-TP1\\src\\core\\const.js","statementMap":{"0":{"start":{"line":2,"column":24},"end":{"line":2,"column":52}},"1":{"start":{"line":3,"column":23},"end":{"line":3,"column":29}}},"fnMap":{},"branchMap":{},"s":{"0":1,"1":1},"f":{},"b":{},"inputSourceMap":null,"_coverageSchema":"1a1c01bbd47fc00a2c39e90264f33305004495a9","hash":"d094dcc9c4fc2a32017cb1b3fdc43f780b4de4d3"}
,"D:\\PROGRAMACION\\TecnicaturaDesarrolloSorftwareN29\\Cuatri4\\Backend\\TP1-grupal\\BACKEND-C3-GRUPOMDQ-TP1\\src\\core\\enums.js": {"path":"D:\\PROGRAMACION\\TecnicaturaDesarrolloSorftwareN29\\Cuatri4\\Backend\\TP1-grupal\\BACKEND-C3-GRUPOMDQ-TP1\\src\\core\\enums.js","statementMap":{"0":{"start":{"line":3,"column":32},"end":{"line":8,"column":1}},"1":{"start":{"line":10,"column":23},"end":{"line":13,"column":1}},"2":{"start":{"line":15,"column":31},"end":{"line":21,"column":1}},"3":{"start":{"line":24,"column":33},"end":{"line":31,"column":1}}},"fnMap":{},"branchMap":{},"s":{"0":1,"1":1,"2":1,"3":1},"f":{},"b":{},"inputSourceMap":null,"_coverageSchema":"1a1c01bbd47fc00a2c39e90264f33305004495a9","hash":"e3b44a58cf7828906fe6c5155559c8ed3a1dd578"}
,"D:\\PROGRAMACION\\TecnicaturaDesarrolloSorftwareN29\\Cuatri4\\Backend\\TP1-grupal\\BACKEND-C3-GRUPOMDQ-TP1\\src\\models\\Reservation.js": {"path":"D:\\PROGRAMACION\\TecnicaturaDesarrolloSorftwareN29\\Cuatri4\\Backend\\TP1-grupal\\BACKEND-C3-GRUPOMDQ-TP1\\src\\models\\Reservation.js","statementMap":{"0":{"start":{"line":8,"column":26},"end":{"line":45,"column":24}},"1":{"start":{"line":39,"column":21},"end":{"line":39,"column":56}},"2":{"start":{"line":40,"column":8},"end":{"line":40,"column":29}},"3":{"start":{"line":42,"column":26},"end":{"line":42,"column":97}},"4":{"start":{"line":48,"column":20},"end":{"line":48,"column":68}}},"fnMap":{"0":{"name":"(anonymous_0)","decl":{"start":{"line":37,"column":17},"end":{"line":37,"column":18}},"loc":{"start":{"line":37,"column":36},"end":{"line":41,"column":7}},"line":37},"1":{"name":"(anonymous_1)","decl":{"start":{"line":42,"column":15},"end":{"line":42,"column":16}},"loc":{"start":{"line":42,"column":26},"end":{"line":42,"column":97}},"line":42}},"branchMap":{},"s":{"0":1,"1":2,"2":2,"3":1,"4":1},"f":{"0":2,"1":1},"b":{},"inputSourceMap":null,"_coverageSchema":"1a1c01bbd47fc00a2c39e90264f33305004495a9","hash":"1aaf514c73266f5cfe89fcc64b7422f5ff9b611d"}
,"D:\\PROGRAMACION\\TecnicaturaDesarrolloSorftwareN29\\Cuatri4\\Backend\\TP1-grupal\\BACKEND-C3-GRUPOMDQ-TP1\\src\\models\\User.js": {"path":"D:\\PROGRAMACION\\TecnicaturaDesarrolloSorftwareN29\\Cuatri4\\Backend\\TP1-grupal\\BACKEND-C3-GRUPOMDQ-TP1\\src\\models\\User.js","statementMap":{"0":{"start":{"line":5,"column":19},"end":{"line":28,"column":2}},"1":{"start":{"line":31,"column":13},"end":{"line":31,"column":47}}},"fnMap":{},"branchMap":{},"s":{"0":1,"1":1},"f":{},"b":{},"inputSourceMap":null,"_coverageSchema":"1a1c01bbd47fc00a2c39e90264f33305004495a9","hash":"14ceab68c6b7d4c0e5fe3164cdbf6b56f8b07852"}
,"D:\\PROGRAMACION\\TecnicaturaDesarrolloSorftwareN29\\Cuatri4\\Backend\\TP1-grupal\\BACKEND-C3-GRUPOMDQ-TP1\\src\\routes\\index.js": {"path":"D:\\PROGRAMACION\\TecnicaturaDesarrolloSorftwareN29\\Cuatri4\\Backend\\TP1-grupal\\BACKEND-C3-GRUPOMDQ-TP1\\src\\routes\\index.js","statementMap":{"0":{"start":{"line":4,"column":13},"end":{"line":4,"column":29}},"1":{"start":{"line":8,"column":0},"end":{"line":10,"column":3}},"2":{"start":{"line":9,"column":2},"end":{"line":9,"column":22}}},"fnMap":{"0":{"name":"(anonymous_0)","decl":{"start":{"line":8,"column":16},"end":{"line":8,"column":17}},"loc":{"start":{"line":8,"column":41},"end":{"line":10,"column":1}},"line":8}},"branchMap":{},"s":{"0":1,"1":1,"2":0},"f":{"0":0},"b":{},"inputSourceMap":null,"_coverageSchema":"1a1c01bbd47fc00a2c39e90264f33305004495a9","hash":"f27789e7cfa7bf61137906e1b4fbfe53314083cc"}
,"D:\\PROGRAMACION\\TecnicaturaDesarrolloSorftwareN29\\Cuatri4\\Backend\\TP1-grupal\\BACKEND-C3-GRUPOMDQ-TP1\\src\\routes\\reservationRoutes.js": {"path":"D:\\PROGRAMACION\\TecnicaturaDesarrolloSorftwareN29\\Cuatri4\\Backend\\TP1-grupal\\BACKEND-C3-GRUPOMDQ-TP1\\src\\routes\\reservationRoutes.js","statementMap":{"0":{"start":{"line":3,"column":26},"end":{"line":3,"column":42}},"1":{"start":{"line":7,"column":0},"end":{"line":7,"column":91}},"2":{"start":{"line":9,"column":0},"end":{"line":9,"column":90}},"3":{"start":{"line":10,"column":0},"end":{"line":10,"column":64}},"4":{"start":{"line":11,"column":0},"end":{"line":11,"column":90}},"5":{"start":{"line":12,"column":0},"end":{"line":12,"column":72}}},"fnMap":{},"branchMap":{},"s":{"0":1,"1":1,"2":1,"3":1,"4":1,"5":1},"f":{},"b":{},"inputSourceMap":null,"_coverageSchema":"1a1c01bbd47fc00a2c39e90264f33305004495a9","hash":"6f11f7f6900183b87d2589d81cb5771340703398"}
,"D:\\PROGRAMACION\\TecnicaturaDesarrolloSorftwareN29\\Cuatri4\\Backend\\TP1-grupal\\BACKEND-C3-GRUPOMDQ-TP1\\src\\routes\\userRoutes.js": {"path":"D:\\PROGRAMACION\\TecnicaturaDesarrolloSorftwareN29\\Cuatri4\\Backend\\TP1-grupal\\BACKEND-C3-GRUPOMDQ-TP1\\src\\routes\\userRoutes.js","statementMap":{"0":{"start":{"line":3,"column":19},"end":{"line":3,"column":35}},"1":{"start":{"line":7,"column":0},"end":{"line":7,"column":50}},"2":{"start":{"line":10,"column":0},"end":{"line":10,"column":52}},"3":{"start":{"line":13,"column":0},"end":{"line":13,"column":54}},"4":{"start":{"line":16,"column":0},"end":{"line":16,"column":48}},"5":{"start":{"line":19,"column":0},"end":{"line":19,"column":57}}},"fnMap":{},"branchMap":{},"s":{"0":1,"1":1,"2":1,"3":1,"4":1,"5":1},"f":{},"b":{},"inputSourceMap":null,"_coverageSchema":"1a1c01bbd47fc00a2c39e90264f33305004495a9","hash":"3d45a61255ac77929288babfea63255771dbbe55"}
,"D:\\PROGRAMACION\\TecnicaturaDesarrolloSorftwareN29\\Cuatri4\\Backend\\TP1-grupal\\BACKEND-C3-GRUPOMDQ-TP1\\src\\services\\reservationService.js": {"path":"D:\\PROGRAMACION\\TecnicaturaDesarrolloSorftwareN29\\Cuatri4\\Backend\\TP1-grupal\\BACKEND-C3-GRUPOMDQ-TP1\\src\\services\\reservationService.js","statementMap":{"0":{"start":{"line":7,"column":2},"end":{"line":27,"column":3}},"1":{"start":{"line":9,"column":24},"end":{"line":12,"column":5}},"2":{"start":{"line":13,"column":4},"end":{"line":18,"column":5}},"3":{"start":{"line":14,"column":6},"end":{"line":17,"column":8}},"4":{"start":{"line":20,"column":4},"end":{"line":20,"column":49}},"5":{"start":{"line":21,"column":25},"end":{"line":21,"column":57}},"6":{"start":{"line":22,"column":4},"end":{"line":22,"column":30}},"7":{"start":{"line":23,"column":4},"end":{"line":23,"column":24}},"8":{"start":{"line":25,"column":4},"end":{"line":25,"column":55}},"9":{"start":{"line":26,"column":4},"end":{"line":26,"column":16}},"10":{"start":{"line":31,"column":2},"end":{"line":55,"column":3}},"11":{"start":{"line":33,"column":30},"end":{"line":33,"column":62}},"12":{"start":{"line":35,"column":4},"end":{"line":40,"column":5}},"13":{"start":{"line":36,"column":6},"end":{"line":39,"column":8}},"14":{"start":{"line":45,"column":4},"end":{"line":49,"column":5}},"15":{"start":{"line":46,"column":6},"end":{"line":46,"column":62}},"16":{"start":{"line":47,"column":11},"end":{"line":49,"column":5}},"17":{"start":{"line":48,"column":6},"end":{"line":48,"column":50}},"18":{"start":{"line":51,"column":4},"end":{"line":51,"column":28}},"19":{"start":{"line":53,"column":4},"end":{"line":53,"column":60}},"20":{"start":{"line":54,"column":4},"end":{"line":54,"column":16}},"21":{"start":{"line":59,"column":2},"end":{"line":86,"column":3}},"22":{"start":{"line":60,"column":4},"end":{"line":65,"column":5}},"23":{"start":{"line":61,"column":6},"end":{"line":64,"column":8}},"24":{"start":{"line":67,"column":31},"end":{"line":71,"column":5}},"25":{"start":{"line":73,"column":4},"end":{"line":78,"column":5}},"26":{"start":{"line":74,"column":6},"end":{"line":77,"column":8}},"27":{"start":{"line":81,"column":29},"end":{"line":81,"column":53}},"28":{"start":{"line":82,"column":4},"end":{"line":82,"column":28}},"29":{"start":{"line":84,"column":4},"end":{"line":84,"column":57}},"30":{"start":{"line":85,"column":4},"end":{"line":85,"column":16}},"31":{"start":{"line":90,"column":2},"end":{"line":107,"column":3}},"32":{"start":{"line":92,"column":29},"end":{"line":92,"column":75}},"33":{"start":{"line":94,"column":4},"end":{"line":99,"column":5}},"34":{"start":{"line":95,"column":6},"end":{"line":98,"column":8}},"35":{"start":{"line":102,"column":29},"end":{"line":102,"column":53}},"36":{"start":{"line":103,"column":4},"end":{"line":103,"column":28}},"37":{"start":{"line":105,"column":4},"end":{"line":105,"column":58}},"38":{"start":{"line":106,"column":4},"end":{"line":106,"column":16}},"39":{"start":{"line":111,"column":2},"end":{"line":122,"column":3}},"40":{"start":{"line":113,"column":28},"end":{"line":115,"column":6}},"41":{"start":{"line":116,"column":24},"end":{"line":116,"column":46}},"42":{"start":{"line":117,"column":30},"end":{"line":117,"column":81}},"43":{"start":{"line":118,"column":4},"end":{"line":118,"column":29}},"44":{"start":{"line":120,"column":4},"end":{"line":120,"column":69}},"45":{"start":{"line":121,"column":4},"end":{"line":121,"column":16}},"46":{"start":{"line":131,"column":27},"end":{"line":136,"column":3}},"47":{"start":{"line":134,"column":8},"end":{"line":134,"column":76}},"48":{"start":{"line":137,"column":29},"end":{"line":139,"column":3}},"49":{"start":{"line":138,"column":15},"end":{"line":138,"column":68}},"50":{"start":{"line":140,"column":2},"end":{"line":140,"column":28}},"51":{"start":{"line":145,"column":24},"end":{"line":145,"column":26}},"52":{"start":{"line":146,"column":2},"end":{"line":150,"column":5}},"53":{"start":{"line":147,"column":4},"end":{"line":149,"column":7}},"54":{"start":{"line":148,"column":6},"end":{"line":148,"column":42}},"55":{"start":{"line":151,"column":2},"end":{"line":151,"column":23}},"56":{"start":{"line":155,"column":2},"end":{"line":155,"column":63}},"57":{"start":{"line":159,"column":28},"end":{"line":159,"column":61}},"58":{"start":{"line":161,"column":21},"end":{"line":163,"column":1}},"59":{"start":{"line":162,"column":2},"end":{"line":162,"column":57}},"60":{"start":{"line":164,"column":2},"end":{"line":164,"column":21}}},"fnMap":{"0":{"name":"crearReserva","decl":{"start":{"line":6,"column":22},"end":{"line":6,"column":34}},"loc":{"start":{"line":6,"column":52},"end":{"line":28,"column":1}},"line":6},"1":{"name":"getReservasPorRolUsuario","decl":{"start":{"line":30,"column":22},"end":{"line":30,"column":46}},"loc":{"start":{"line":30,"column":57},"end":{"line":56,"column":1}},"line":30},"2":{"name":"actualizarEstado","decl":{"start":{"line":58,"column":22},"end":{"line":58,"column":38}},"loc":{"start":{"line":58,"column":63},"end":{"line":87,"column":1}},"line":58},"3":{"name":"eliminarReservaPorId","decl":{"start":{"line":89,"column":22},"end":{"line":89,"column":42}},"loc":{"start":{"line":89,"column":54},"end":{"line":108,"column":1}},"line":89},"4":{"name":"getFechaTurnosDisponibles","decl":{"start":{"line":110,"column":22},"end":{"line":110,"column":47}},"loc":{"start":{"line":110,"column":50},"end":{"line":123,"column":1}},"line":110},"5":{"name":"eliminarTurnosOcupados","decl":{"start":{"line":130,"column":9},"end":{"line":130,"column":31}},"loc":{"start":{"line":130,"column":64},"end":{"line":141,"column":1}},"line":130},"6":{"name":"(anonymous_6)","decl":{"start":{"line":133,"column":6},"end":{"line":133,"column":7}},"loc":{"start":{"line":134,"column":8},"end":{"line":134,"column":76}},"line":134},"7":{"name":"(anonymous_7)","decl":{"start":{"line":138,"column":4},"end":{"line":138,"column":5}},"loc":{"start":{"line":138,"column":15},"end":{"line":138,"column":68}},"line":138},"8":{"name":"obtenerTotalDeturnos","decl":{"start":{"line":144,"column":9},"end":{"line":144,"column":29}},"loc":{"start":{"line":144,"column":32},"end":{"line":152,"column":1}},"line":144},"9":{"name":"(anonymous_9)","decl":{"start":{"line":146,"column":41},"end":{"line":146,"column":42}},"loc":{"start":{"line":146,"column":51},"end":{"line":150,"column":3}},"line":146},"10":{"name":"(anonymous_10)","decl":{"start":{"line":147,"column":45},"end":{"line":147,"column":46}},"loc":{"start":{"line":147,"column":56},"end":{"line":149,"column":5}},"line":147},"11":{"name":"esEstadoValido","decl":{"start":{"line":154,"column":9},"end":{"line":154,"column":23}},"loc":{"start":{"line":154,"column":37},"end":{"line":156,"column":1}},"line":154},"12":{"name":"esFechaTurnoValido","decl":{"start":{"line":158,"column":22},"end":{"line":158,"column":40}},"loc":{"start":{"line":158,"column":67},"end":{"line":165,"column":1}},"line":158},"13":{"name":"(anonymous_13)","decl":{"start":{"line":161,"column":44},"end":{"line":161,"column":45}},"loc":{"start":{"line":162,"column":2},"end":{"line":162,"column":57}},"line":162}},"branchMap":{"0":{"loc":{"start":{"line":13,"column":4},"end":{"line":18,"column":5}},"type":"if","locations":[{"start":{"line":13,"column":4},"end":{"line":18,"column":5}},{"start":{},"end":{}}],"line":13},"1":{"loc":{"start":{"line":35,"column":4},"end":{"line":40,"column":5}},"type":"if","locations":[{"start":{"line":35,"column":4},"end":{"line":40,"column":5}},{"start":{},"end":{}}],"line":35},"2":{"loc":{"start":{"line":45,"column":4},"end":{"line":49,"column":5}},"type":"if","locations":[{"start":{"line":45,"column":4},"end":{"line":49,"column":5}},{"start":{"line":47,"column":11},"end":{"line":49,"column":5}}],"line":45},"3":{"loc":{"start":{"line":47,"column":11},"end":{"line":49,"column":5}},"type":"if","locations":[{"start":{"line":47,"column":11},"end":{"line":49,"column":5}},{"start":{},"end":{}}],"line":47},"4":{"loc":{"start":{"line":60,"column":4},"end":{"line":65,"column":5}},"type":"if","locations":[{"start":{"line":60,"column":4},"end":{"line":65,"column":5}},{"start":{},"end":{}}],"line":60},"5":{"loc":{"start":{"line":73,"column":4},"end":{"line":78,"column":5}},"type":"if","locations":[{"start":{"line":73,"column":4},"end":{"line":78,"column":5}},{"start":{},"end":{}}],"line":73},"6":{"loc":{"start":{"line":94,"column":4},"end":{"line":99,"column":5}},"type":"if","locations":[{"start":{"line":94,"column":4},"end":{"line":99,"column":5}},{"start":{},"end":{}}],"line":94},"7":{"loc":{"start":{"line":162,"column":2},"end":{"line":162,"column":57}},"type":"binary-expr","locations":[{"start":{"line":162,"column":2},"end":{"line":162,"column":26}},{"start":{"line":162,"column":30},"end":{"line":162,"column":57}}],"line":162}},"s":{"0":3,"1":3,"2":3,"3":1,"4":2,"5":2,"6":2,"7":1,"8":2,"9":2,"10":0,"11":0,"12":0,"13":0,"14":0,"15":0,"16":0,"17":0,"18":0,"19":0,"20":0,"21":0,"22":0,"23":0,"24":0,"25":0,"26":0,"27":0,"28":0,"29":0,"30":0,"31":0,"32":0,"33":0,"34":0,"35":0,"36":0,"37":0,"38":0,"39":3,"40":3,"41":3,"42":3,"43":3,"44":0,"45":0,"46":3,"47":0,"48":3,"49":90,"50":3,"51":3,"52":3,"53":15,"54":90,"55":3,"56":0,"57":3,"58":3,"59":68,"60":3},"f":{"0":3,"1":0,"2":0,"3":0,"4":3,"5":3,"6":0,"7":90,"8":3,"9":15,"10":90,"11":0,"12":3,"13":68},"b":{"0":[1,2],"1":[0,0],"2":[0,0],"3":[0,0],"4":[0,0],"5":[0,0],"6":[0,0],"7":[68,8]},"inputSourceMap":null,"_coverageSchema":"1a1c01bbd47fc00a2c39e90264f33305004495a9","hash":"6da1325bfe49f0eeb9e91f77f7d3c950e7597f08"}
,"D:\\PROGRAMACION\\TecnicaturaDesarrolloSorftwareN29\\Cuatri4\\Backend\\TP1-grupal\\BACKEND-C3-GRUPOMDQ-TP1\\src\\services\\userService.js": {"path":"D:\\PROGRAMACION\\TecnicaturaDesarrolloSorftwareN29\\Cuatri4\\Backend\\TP1-grupal\\BACKEND-C3-GRUPOMDQ-TP1\\src\\services\\userService.js","statementMap":{"0":{"start":{"line":5,"column":59},"end":{"line":5,"column":73}},"1":{"start":{"line":7,"column":2},"end":{"line":21,"column":3}},"2":{"start":{"line":8,"column":29},"end":{"line":8,"column":61}},"3":{"start":{"line":9,"column":4},"end":{"line":11,"column":5}},"4":{"start":{"line":10,"column":6},"end":{"line":10,"column":74}},"5":{"start":{"line":14,"column":25},"end":{"line":14,"column":49}},"6":{"start":{"line":15,"column":4},"end":{"line":15,"column":30}},"7":{"start":{"line":17,"column":4},"end":{"line":17,"column":24}},"8":{"start":{"line":19,"column":4},"end":{"line":19,"column":55}},"9":{"start":{"line":20,"column":4},"end":{"line":20,"column":16}}},"fnMap":{"0":{"name":"crearUsuario","decl":{"start":{"line":4,"column":22},"end":{"line":4,"column":34}},"loc":{"start":{"line":4,"column":51},"end":{"line":22,"column":1}},"line":4}},"branchMap":{"0":{"loc":{"start":{"line":9,"column":4},"end":{"line":11,"column":5}},"type":"if","locations":[{"start":{"line":9,"column":4},"end":{"line":11,"column":5}},{"start":{},"end":{}}],"line":9}},"s":{"0":0,"1":0,"2":0,"3":0,"4":0,"5":0,"6":0,"7":0,"8":0,"9":0},"f":{"0":0},"b":{"0":[0,0]},"inputSourceMap":null,"_coverageSchema":"1a1c01bbd47fc00a2c39e90264f33305004495a9","hash":"02742a3906143b8a6b1aea304f732dd728c8873a"}
,"D:\\PROGRAMACION\\TecnicaturaDesarrolloSorftwareN29\\Cuatri4\\Backend\\TP1-grupal\\BACKEND-C3-GRUPOMDQ-TP1\\src\\utils\\function.js": {"path":"D:\\PROGRAMACION\\TecnicaturaDesarrolloSorftwareN29\\Cuatri4\\Backend\\TP1-grupal\\BACKEND-C3-GRUPOMDQ-TP1\\src\\utils\\function.js","statementMap":{"0":{"start":{"line":12,"column":16},"end":{"line":12,"column":32}},"1":{"start":{"line":13,"column":25},"end":{"line":13,"column":55}},"2":{"start":{"line":14,"column":26},"end":{"line":14,"column":103}},"3":{"start":{"line":15,"column":25},"end":{"line":15,"column":78}},"4":{"start":{"line":16,"column":4},"end":{"line":16,"column":32}},"5":{"start":{"line":26,"column":4},"end":{"line":32,"column":5}},"6":{"start":{"line":27,"column":21},"end":{"line":27,"column":57}},"7":{"start":{"line":28,"column":8},"end":{"line":28,"column":32}},"8":{"start":{"line":30,"column":8},"end":{"line":30,"column":58}},"9":{"start":{"line":31,"column":8},"end":{"line":31,"column":20}}},"fnMap":{"0":{"name":"crearFechaUTC","decl":{"start":{"line":11,"column":16},"end":{"line":11,"column":29}},"loc":{"start":{"line":11,"column":62},"end":{"line":17,"column":1}},"line":11},"1":{"name":"leerArchivoJSON","decl":{"start":{"line":25,"column":22},"end":{"line":25,"column":37}},"loc":{"start":{"line":25,"column":48},"end":{"line":33,"column":1}},"line":25}},"branchMap":{"0":{"loc":{"start":{"line":11,"column":46},"end":{"line":11,"column":60}},"type":"default-arg","locations":[{"start":{"line":11,"column":59},"end":{"line":11,"column":60}}],"line":11}},"s":{"0":6,"1":6,"2":6,"3":6,"4":6,"5":0,"6":0,"7":0,"8":0,"9":0},"f":{"0":6,"1":0},"b":{"0":[0]},"inputSourceMap":null,"_coverageSchema":"1a1c01bbd47fc00a2c39e90264f33305004495a9","hash":"aa17787398a61a55719487020d0c30610bc3d9bc"}
}
