TN:
SF:src\app.js
FN:61,(anonymous_0)
FN:72,(anonymous_1)
FN:76,(anonymous_2)
FN:90,(anonymous_3)
FNF:4
FNH:1
FNDA:0,(anonymous_0)
FNDA:0,(anonymous_1)
FNDA:0,(anonymous_2)
FNDA:1,(anonymous_3)
DA:24,1
DA:25,1
DA:26,1
DA:27,1
DA:32,1
DA:33,1
DA:34,1
DA:35,1
DA:40,1
DA:41,1
DA:42,1
DA:43,1
DA:44,1
DA:55,1
DA:56,1
DA:57,1
DA:61,1
DA:62,0
DA:67,1
DA:72,1
DA:73,0
DA:76,1
DA:78,0
DA:79,0
DA:82,0
DA:83,0
DA:90,1
DA:91,1
LF:28
LH:22
BRDA:32,0,0,1
BRDA:32,0,1,0
BRDA:79,1,0,0
BRDA:79,1,1,0
BRDA:82,2,0,0
BRDA:82,2,1,0
BRF:6
BRH:1
end_of_record
TN:
SF:src\config\database.js
FN:6,(anonymous_0)
FNF:1
FNH:1
FNDA:1,(anonymous_0)
DA:4,1
DA:6,1
DA:7,1
DA:8,1
DA:9,1
DA:11,0
LF:6
LH:5
BRDA:4,0,0,1
BRDA:4,0,1,0
BRF:2
BRH:1
end_of_record
TN:
SF:src\controllers\reservationController.js
FN:6,crearReserva
FN:46,obtenerReservasPorRolDeUsuario
FN:70,actualizarEstadoReserva
FN:87,eliminarReserva
FN:105,obtenerFechaTurnosDisponibles
FNF:5
FNH:0
FNDA:0,crearReserva
FNDA:0,obtenerReservasPorRolDeUsuario
FNDA:0,actualizarEstadoReserva
FNDA:0,eliminarReserva
FNDA:0,obtenerFechaTurnosDisponibles
DA:2,1
DA:3,1
DA:4,1
DA:7,0
DA:8,0
DA:9,0
DA:10,0
DA:18,0
DA:19,0
DA:21,0
DA:22,0
DA:25,0
DA:27,0
DA:28,0
DA:29,0
DA:33,0
DA:34,0
DA:35,0
DA:40,0
DA:47,0
DA:48,0
DA:50,0
DA:51,0
DA:52,0
DA:54,0
DA:55,0
DA:58,0
DA:60,0
DA:61,0
DA:62,0
DA:64,0
DA:65,0
DA:71,0
DA:72,0
DA:73,0
DA:74,0
DA:76,0
DA:78,0
DA:79,0
DA:80,0
DA:82,0
DA:88,0
DA:89,0
DA:90,0
DA:91,0
DA:93,0
DA:95,0
DA:96,0
DA:97,0
DA:99,0
DA:106,0
DA:107,0
DA:108,0
DA:109,0
DA:111,0
DA:112,0
DA:115,0
DA:117,0
DA:118,0
DA:119,0
DA:121,0
LF:61
LH:3
BRDA:19,0,0,0
BRDA:19,0,1,0
BRDA:21,1,0,0
BRDA:21,1,1,0
BRDA:28,2,0,0
BRDA:28,2,1,0
BRDA:29,3,0,0
BRDA:29,3,1,0
BRDA:33,4,0,0
BRDA:33,4,1,0
BRDA:34,5,0,0
BRDA:34,5,1,0
BRDA:34,6,0,0
BRDA:34,6,1,0
BRDA:51,7,0,0
BRDA:51,7,1,0
BRDA:51,8,0,0
BRDA:51,8,1,0
BRDA:54,9,0,0
BRDA:54,9,1,0
BRDA:61,10,0,0
BRDA:61,10,1,0
BRDA:62,11,0,0
BRDA:62,11,1,0
BRDA:73,12,0,0
BRDA:73,12,1,0
BRDA:73,13,0,0
BRDA:73,13,1,0
BRDA:79,14,0,0
BRDA:79,14,1,0
BRDA:80,15,0,0
BRDA:80,15,1,0
BRDA:90,16,0,0
BRDA:90,16,1,0
BRDA:90,17,0,0
BRDA:90,17,1,0
BRDA:96,18,0,0
BRDA:96,18,1,0
BRDA:97,19,0,0
BRDA:97,19,1,0
BRDA:108,20,0,0
BRDA:108,20,1,0
BRDA:108,21,0,0
BRDA:108,21,1,0
BRDA:111,22,0,0
BRDA:111,22,1,0
BRDA:118,23,0,0
BRDA:118,23,1,0
BRDA:119,24,0,0
BRDA:119,24,1,0
BRF:50
BRH:0
end_of_record
TN:
SF:src\controllers\userController.js
FN:6,(anonymous_0)
FN:32,(anonymous_1)
FN:33,(anonymous_2)
FN:40,crearUsuario
FN:75,(anonymous_4)
FN:86,(anonymous_5)
FNF:6
FNH:0
FNDA:0,(anonymous_0)
FNDA:0,(anonymous_1)
FNDA:0,(anonymous_2)
FNDA:0,crearUsuario
FNDA:0,(anonymous_4)
FNDA:0,(anonymous_5)
DA:6,1
DA:7,0
DA:9,0
DA:11,0
DA:12,0
DA:13,0
DA:17,0
DA:18,0
DA:19,0
DA:23,0
DA:24,0
DA:26,0
DA:27,0
DA:32,1
DA:33,0
DA:34,0
DA:35,0
DA:41,0
DA:43,0
DA:46,0
DA:47,0
DA:50,0
DA:59,0
DA:61,0
DA:63,0
DA:64,0
DA:65,0
DA:70,0
DA:75,1
DA:76,0
DA:77,0
DA:78,0
DA:80,0
DA:81,0
DA:86,1
DA:87,0
DA:89,0
DA:90,0
DA:91,0
DA:92,0
DA:94,0
DA:96,0
DA:97,0
LF:43
LH:4
BRDA:12,0,0,0
BRDA:12,0,1,0
BRDA:18,1,0,0
BRDA:18,1,1,0
BRDA:34,2,0,0
BRDA:34,2,1,0
BRDA:64,3,0,0
BRDA:64,3,1,0
BRDA:66,4,0,0
BRDA:66,4,1,0
BRDA:91,5,0,0
BRDA:91,5,1,0
BRF:12
BRH:0
end_of_record
TN:
SF:src\core\const.js
FNF:0
FNH:0
DA:2,1
DA:3,1
LF:2
LH:2
BRF:0
BRH:0
end_of_record
TN:
SF:src\core\enums.js
FNF:0
FNH:0
DA:3,1
DA:10,1
DA:15,1
DA:24,1
LF:4
LH:4
BRF:0
BRH:0
end_of_record
TN:
SF:src\models\Reservation.js
FN:37,(anonymous_0)
FN:42,(anonymous_1)
FNF:2
FNH:2
FNDA:2,(anonymous_0)
FNDA:1,(anonymous_1)
DA:8,1
DA:39,2
DA:40,2
DA:42,1
DA:48,1
LF:5
LH:5
BRF:0
BRH:0
end_of_record
TN:
SF:src\models\User.js
FNF:0
FNH:0
DA:5,1
DA:31,1
LF:2
LH:2
BRF:0
BRH:0
end_of_record
TN:
SF:src\routes\index.js
FN:8,(anonymous_0)
FNF:1
FNH:0
FNDA:0,(anonymous_0)
DA:4,1
DA:8,1
DA:9,0
LF:3
LH:2
BRF:0
BRH:0
end_of_record
TN:
SF:src\routes\reservationRoutes.js
FNF:0
FNH:0
DA:3,1
DA:7,1
DA:9,1
DA:10,1
DA:11,1
DA:12,1
LF:6
LH:6
BRF:0
BRH:0
end_of_record
TN:
SF:src\routes\userRoutes.js
FNF:0
FNH:0
DA:3,1
DA:7,1
DA:10,1
DA:13,1
DA:16,1
DA:19,1
LF:6
LH:6
BRF:0
BRH:0
end_of_record
TN:
SF:src\services\reservationService.js
FN:6,crearReserva
FN:30,getReservasPorRolUsuario
FN:58,actualizarEstado
FN:89,eliminarReservaPorId
FN:110,getFechaTurnosDisponibles
FN:130,eliminarTurnosOcupados
FN:133,(anonymous_6)
FN:138,(anonymous_7)
FN:144,obtenerTotalDeturnos
FN:146,(anonymous_9)
FN:147,(anonymous_10)
FN:154,esEstadoValido
FN:158,esFechaTurnoValido
FN:161,(anonymous_13)
FNF:14
FNH:9
FNDA:3,crearReserva
FNDA:0,getReservasPorRolUsuario
FNDA:0,actualizarEstado
FNDA:0,eliminarReservaPorId
FNDA:3,getFechaTurnosDisponibles
FNDA:3,eliminarTurnosOcupados
FNDA:0,(anonymous_6)
FNDA:90,(anonymous_7)
FNDA:3,obtenerTotalDeturnos
FNDA:15,(anonymous_9)
FNDA:90,(anonymous_10)
FNDA:0,esEstadoValido
FNDA:3,esFechaTurnoValido
FNDA:68,(anonymous_13)
DA:7,3
DA:9,3
DA:13,3
DA:14,1
DA:20,2
DA:21,2
DA:22,2
DA:23,1
DA:25,2
DA:26,2
DA:31,0
DA:33,0
DA:35,0
DA:36,0
DA:45,0
DA:46,0
DA:47,0
DA:48,0
DA:51,0
DA:53,0
DA:54,0
DA:59,0
DA:60,0
DA:61,0
DA:67,0
DA:73,0
DA:74,0
DA:81,0
DA:82,0
DA:84,0
DA:85,0
DA:90,0
DA:92,0
DA:94,0
DA:95,0
DA:102,0
DA:103,0
DA:105,0
DA:106,0
DA:111,3
DA:113,3
DA:116,3
DA:117,3
DA:118,3
DA:120,0
DA:121,0
DA:131,3
DA:134,0
DA:137,3
DA:138,90
DA:140,3
DA:145,3
DA:146,3
DA:147,15
DA:148,90
DA:151,3
DA:155,0
DA:159,3
DA:161,3
DA:162,68
DA:164,3
LF:61
LH:28
BRDA:13,0,0,1
BRDA:13,0,1,2
BRDA:35,1,0,0
BRDA:35,1,1,0
BRDA:45,2,0,0
BRDA:45,2,1,0
BRDA:47,3,0,0
BRDA:47,3,1,0
BRDA:60,4,0,0
BRDA:60,4,1,0
BRDA:73,5,0,0
BRDA:73,5,1,0
BRDA:94,6,0,0
BRDA:94,6,1,0
BRDA:162,7,0,68
BRDA:162,7,1,8
BRF:16
BRH:4
end_of_record
TN:
SF:src\services\userService.js
FN:4,crearUsuario
FNF:1
FNH:0
FNDA:0,crearUsuario
DA:5,0
DA:7,0
DA:8,0
DA:9,0
DA:10,0
DA:14,0
DA:15,0
DA:17,0
DA:19,0
DA:20,0
LF:10
LH:0
BRDA:9,0,0,0
BRDA:9,0,1,0
BRF:2
BRH:0
end_of_record
TN:
SF:src\utils\function.js
FN:11,crearFechaUTC
FN:25,leerArchivoJSON
FNF:2
FNH:1
FNDA:6,crearFechaUTC
FNDA:0,leerArchivoJSON
DA:12,6
DA:13,6
DA:14,6
DA:15,6
DA:16,6
DA:26,0
DA:27,0
DA:28,0
DA:30,0
DA:31,0
LF:10
LH:5
BRDA:11,0,0,0
BRF:1
BRH:0
end_of_record
